Build started 2016-01-13 21:25:59.
     1>Project "C:\Users\Zaloguj\Documents\Visual Studio 2015\Projects\ZadanieOsme\ZadanieOsme\ZadanieOsme.vcxproj" on node 2 (Build target(s)).
     1>ClCompile:
         C:\Program Files (x86)\Microsoft Visual Studio 14.0\VC\bin\CL.exe /c /AI"C:\Program Files (x86)\Reference Assemblies\Microsoft\Framework\.NETFramework\v4.0" /AI"C:\Program Files (x86)\Windows Kits\8.1\References\CommonConfiguration\Neutral" /Zi /clr /nologo /W3 /WX- /Od /Oy- /D WIN32 /D _DEBUG /D _WINDLL /D _UNICODE /D UNICODE /EHa /MD /GS /fp:precise /Zc:wchar_t /Zc:forScope /Zc:inline /Yu"stdafx.h" /Fp"Debug\DefaultTest.pch" /Fo"Debug\\" /Fd"Debug\vc140.pdb" /TP /FU"C:\Program Files (x86)\Microsoft Visual Studio 14.0\Common7\IDE\PublicAssemblies\Microsoft.VisualStudio.QualityTools.UnitTestFramework.dll" /FU"C:\Program Files (x86)\Reference Assemblies\Microsoft\Framework\.NETFramework\v4.0\mscorlib.dll" /FU"C:\Program Files (x86)\Reference Assemblies\Microsoft\Framework\.NETFramework\v4.0\System.Data.dll" /FU"C:\Program Files (x86)\Reference Assemblies\Microsoft\Framework\.NETFramework\v4.0\System.dll" /FU"C:\Program Files (x86)\Reference Assemblies\Microsoft\Framework\.NETFramework\v4.0\System.Xml.dll" /analyze- /errorReport:prompt /clr:nostdlib UnitTest.cpp
         UnitTest.cpp
     1>UnitTest.cpp(1): warning C4005: '__CLR_VER': macro redefinition
         UnitTest.cpp(1): note: command-line arguments:  see previous definition of '__CLR_VER'
     1>UnitTest.cpp(1): warning C4651: '/D__CLR_VER=40600127' specified for precompiled header but not for current compile
     1>C:\Program Files (x86)\Microsoft Visual Studio 14.0\VC\include\xutility(2230): warning C4996: 'std::_Copy_impl': Function call with parameters that may be unsafe - this call relies on the caller to check that the passed values are correct. To disable this warning, use -D_SCL_SECURE_NO_WARNINGS. See documentation on how to use Visual C++ 'Checked Iterators'
         C:\Program Files (x86)\Microsoft Visual Studio 14.0\VC\include\xutility(2216): note: see declaration of 'std::_Copy_impl'
         UnitTest.cpp(88): note: see reference to function template instantiation '_OutIt std::copy<_Ty*,_Ty*>(_InIt,_InIt,_OutIt)' being compiled
                 with
                 [
                     _OutIt=int *,
                     _Ty=int,
                     _InIt=int *
                 ]
       Link:
         C:\Program Files (x86)\Microsoft Visual Studio 14.0\VC\bin\link.exe /ERRORREPORT:PROMPT /OUT:"C:\Users\Zaloguj\Documents\Visual Studio 2015\Projects\ZadanieOsme\Debug\DefaultTest.dll" /INCREMENTAL /NOLOGO /MANIFEST /MANIFESTUAC:"level='asInvoker' uiAccess='false'" /manifest:embed /Debug /PDB:"C:\Users\Zaloguj\Documents\Visual Studio 2015\Projects\ZadanieOsme\Debug\DefaultTest.pdb" /TLBID:1 /DYNAMICBASE /FIXED:NO /NXCOMPAT /MACHINE:X86 /SAFESEH /DLL Debug\app.res
         Debug\AssemblyInfo.obj
         Debug\stdafx.obj
         Debug\UnitTest.obj
         "Debug\.NETFramework,Version=v4.0.AssemblyAttributes.obj"
         ZadanieOsme.vcxproj -> C:\Users\Zaloguj\Documents\Visual Studio 2015\Projects\ZadanieOsme\Debug\DefaultTest.dll
     1>Done Building Project "C:\Users\Zaloguj\Documents\Visual Studio 2015\Projects\ZadanieOsme\ZadanieOsme\ZadanieOsme.vcxproj" (Build target(s)).

Build succeeded.

Time Elapsed 00:00:03.03
